----------------------------
Part 1
Local Size, Num Work Groups, Array Size, MegaPerformance
       8	 128	      1024	     0.063 GigaMultsPerSecond
       8	 256	      2048	     0.127 GigaMultsPerSecond
       8	 512	      4096	     0.231 GigaMultsPerSecond
       8	1024	      8192	     0.491 GigaMultsPerSecond
       8	2048	     16384	     0.962 GigaMultsPerSecond
       8	4096	     32768	     2.024 GigaMultsPerSecond
       8	8192	     65536	     3.906 GigaMultsPerSecond
       8	16384	    131072	     7.779 GigaMultsPerSecond
       8	32768	    262144	    16.089 GigaMultsPerSecond
       8	65536	    524288	    30.311 GigaMultsPerSecond
       8	131072	   1048576	    63.790 GigaMultsPerSecond
       8	262144	   2097152	   123.239 GigaMultsPerSecond
       8	524288	   4194304	   260.482 GigaMultsPerSecond
       8	1048576	   8388608	   498.758 GigaMultsPerSecond
      16	  64	      1024	     0.062 GigaMultsPerSecond
      16	 128	      2048	     0.122 GigaMultsPerSecond
      16	 256	      4096	     0.240 GigaMultsPerSecond
      16	 512	      8192	     0.487 GigaMultsPerSecond
      16	1024	     16384	     0.950 GigaMultsPerSecond
      16	2048	     32768	     1.974 GigaMultsPerSecond
      16	4096	     65536	     3.704 GigaMultsPerSecond
      16	8192	    131072	     7.943 GigaMultsPerSecond
      16	16384	    262144	    15.825 GigaMultsPerSecond
      16	32768	    524288	    30.599 GigaMultsPerSecond
      16	65536	   1048576	    59.857 GigaMultsPerSecond
      16	131072	   2097152	   123.952 GigaMultsPerSecond
      16	262144	   4194304	   258.605 GigaMultsPerSecond
      16	524288	   8388608	   472.174 GigaMultsPerSecond
      32	  32	      1024	     0.060 GigaMultsPerSecond
      32	  64	      2048	     0.129 GigaMultsPerSecond
      32	 128	      4096	     0.228 GigaMultsPerSecond
      32	 256	      8192	     0.476 GigaMultsPerSecond
      32	 512	     16384	     1.008 GigaMultsPerSecond
      32	1024	     32768	     2.043 GigaMultsPerSecond
      32	2048	     65536	     3.933 GigaMultsPerSecond
      32	4096	    131072	     7.705 GigaMultsPerSecond
      32	8192	    262144	    16.242 GigaMultsPerSecond
      32	16384	    524288	    34.085 GigaMultsPerSecond
      32	32768	   1048576	    62.804 GigaMultsPerSecond
      32	65536	   2097152	   133.612 GigaMultsPerSecond
      32	131072	   4194304	   268.039 GigaMultsPerSecond
      32	262144	   8388608	   478.419 GigaMultsPerSecond
      64	  16	      1024	     0.060 GigaMultsPerSecond
      64	  32	      2048	     0.129 GigaMultsPerSecond
      64	  64	      4096	     0.258 GigaMultsPerSecond
      64	 128	      8192	     0.483 GigaMultsPerSecond
      64	 256	     16384	     0.939 GigaMultsPerSecond
      64	 512	     32768	     1.914 GigaMultsPerSecond
      64	1024	     65536	     3.295 GigaMultsPerSecond
      64	2048	    131072	     7.877 GigaMultsPerSecond
      64	4096	    262144	    15.274 GigaMultsPerSecond
      64	8192	    524288	    30.694 GigaMultsPerSecond
      64	16384	   1048576	    60.121 GigaMultsPerSecond
      64	32768	   2097152	   121.587 GigaMultsPerSecond
      64	65536	   4194304	   253.617 GigaMultsPerSecond
      64	131072	   8388608	   490.475 GigaMultsPerSecond
     128	   8	      1024	     0.061 GigaMultsPerSecond
     128	  16	      2048	     0.121 GigaMultsPerSecond
     128	  32	      4096	     0.257 GigaMultsPerSecond
     128	  64	      8192	     0.523 GigaMultsPerSecond
     128	 128	     16384	     0.937 GigaMultsPerSecond
     128	 256	     32768	     1.952 GigaMultsPerSecond
     128	 512	     65536	     3.712 GigaMultsPerSecond
     128	1024	    131072	     7.603 GigaMultsPerSecond
     128	2048	    262144	    16.173 GigaMultsPerSecond
     128	4096	    524288	    30.480 GigaMultsPerSecond
     128	8192	   1048576	    64.851 GigaMultsPerSecond
     128	16384	   2097152	   130.282 GigaMultsPerSecond
     128	32768	   4194304	   249.915 GigaMultsPerSecond
     128	65536	   8388608	   519.027 GigaMultsPerSecond
     256	   4	      1024	     0.057 GigaMultsPerSecond
     256	   8	      2048	     0.125 GigaMultsPerSecond
     256	  16	      4096	     0.240 GigaMultsPerSecond
     256	  32	      8192	     0.477 GigaMultsPerSecond
     256	  64	     16384	     1.007 GigaMultsPerSecond
     256	 128	     32768	     1.924 GigaMultsPerSecond
     256	 256	     65536	     3.847 GigaMultsPerSecond
     256	 512	    131072	     7.476 GigaMultsPerSecond
     256	1024	    262144	    12.294 GigaMultsPerSecond
     256	2048	    524288	    31.731 GigaMultsPerSecond
     256	4096	   1048576	    63.786 GigaMultsPerSecond
     256	8192	   2097152	   125.241 GigaMultsPerSecond
     256	16384	   4194304	   268.747 GigaMultsPerSecond
     256	32768	   8388608	   494.582 GigaMultsPerSecond
     512	   2	      1024	     0.059 GigaMultsPerSecond
     512	   4	      2048	     0.123 GigaMultsPerSecond
     512	   8	      4096	     0.251 GigaMultsPerSecond
     512	  16	      8192	     0.483 GigaMultsPerSecond
     512	  32	     16384	     0.915 GigaMultsPerSecond
     512	  64	     32768	     1.936 GigaMultsPerSecond
     512	 128	     65536	     4.061 GigaMultsPerSecond
     512	 256	    131072	     7.680 GigaMultsPerSecond
     512	 512	    262144	    13.438 GigaMultsPerSecond
     512	1024	    524288	    30.356 GigaMultsPerSecond
     512	2048	   1048576	    64.212 GigaMultsPerSecond
     512	4096	   2097152	   135.589 GigaMultsPerSecond
     512	8192	   4194304	   242.305 GigaMultsPerSecond
     512	16384	   8388608	   507.484 GigaMultsPerSecond
----------------------------
Part 2
Local Size, Num Work Groups, Array Size, MegaPerformance
       8	 128	      1024	     0.059 GigaMultsPerSecond
       8	 256	      2048	     0.122 GigaMultsPerSecond
       8	 512	      4096	     0.264 GigaMultsPerSecond
       8	1024	      8192	     0.466 GigaMultsPerSecond
       8	2048	     16384	     0.950 GigaMultsPerSecond
       8	4096	     32768	     1.883 GigaMultsPerSecond
       8	8192	     65536	     3.729 GigaMultsPerSecond
       8	16384	    131072	     8.072 GigaMultsPerSecond
       8	32768	    262144	    14.477 GigaMultsPerSecond
       8	65536	    524288	    30.014 GigaMultsPerSecond
       8	131072	   1048576	    65.646 GigaMultsPerSecond
       8	262144	   2097152	   119.713 GigaMultsPerSecond
       8	524288	   4194304	   250.960 GigaMultsPerSecond
       8	1048576	   8388608	   429.743 GigaMultsPerSecond
      16	  64	      1024	     0.056 GigaMultsPerSecond
      16	 128	      2048	     0.116 GigaMultsPerSecond
      16	 256	      4096	     0.272 GigaMultsPerSecond
      16	 512	      8192	     0.488 GigaMultsPerSecond
      16	1024	     16384	     0.686 GigaMultsPerSecond
      16	2048	     32768	     2.000 GigaMultsPerSecond
      16	4096	     65536	     3.986 GigaMultsPerSecond
      16	8192	    131072	     7.569 GigaMultsPerSecond
      16	16384	    262144	    15.743 GigaMultsPerSecond
      16	32768	    524288	    32.352 GigaMultsPerSecond
      16	65536	   1048576	    62.869 GigaMultsPerSecond
      16	131072	   2097152	   121.089 GigaMultsPerSecond
      16	262144	   4194304	   265.781 GigaMultsPerSecond
      16	524288	   8388608	   515.839 GigaMultsPerSecond
      32	  32	      1024	     0.063 GigaMultsPerSecond
      32	  64	      2048	     0.131 GigaMultsPerSecond
      32	 128	      4096	     0.260 GigaMultsPerSecond
      32	 256	      8192	     0.529 GigaMultsPerSecond
      32	 512	     16384	     0.982 GigaMultsPerSecond
      32	1024	     32768	     1.896 GigaMultsPerSecond
      32	2048	     65536	     3.736 GigaMultsPerSecond
      32	4096	    131072	     8.715 GigaMultsPerSecond
      32	8192	    262144	    17.839 GigaMultsPerSecond
      32	16384	    524288	    30.204 GigaMultsPerSecond
      32	32768	   1048576	    63.572 GigaMultsPerSecond
      32	65536	   2097152	   126.632 GigaMultsPerSecond
      32	131072	   4194304	   239.019 GigaMultsPerSecond
      32	262144	   8388608	   472.088 GigaMultsPerSecond
      64	  16	      1024	     0.060 GigaMultsPerSecond
      64	  32	      2048	     0.122 GigaMultsPerSecond
      64	  64	      4096	     0.255 GigaMultsPerSecond
      64	 128	      8192	     0.503 GigaMultsPerSecond
      64	 256	     16384	     1.012 GigaMultsPerSecond
      64	 512	     32768	     2.011 GigaMultsPerSecond
      64	1024	     65536	     3.734 GigaMultsPerSecond
      64	2048	    131072	     8.688 GigaMultsPerSecond
      64	4096	    262144	    14.887 GigaMultsPerSecond
      64	8192	    524288	    33.469 GigaMultsPerSecond
      64	16384	   1048576	    57.535 GigaMultsPerSecond
      64	32768	   2097152	   114.038 GigaMultsPerSecond
      64	65536	   4194304	   235.942 GigaMultsPerSecond
      64	131072	   8388608	   487.172 GigaMultsPerSecond
     128	   8	      1024	     0.060 GigaMultsPerSecond
     128	  16	      2048	     0.126 GigaMultsPerSecond
     128	  32	      4096	     0.217 GigaMultsPerSecond
     128	  64	      8192	     0.473 GigaMultsPerSecond
     128	 128	     16384	     0.684 GigaMultsPerSecond
     128	 256	     32768	     1.698 GigaMultsPerSecond
     128	 512	     65536	     3.810 GigaMultsPerSecond
     128	1024	    131072	     7.578 GigaMultsPerSecond
     128	2048	    262144	    14.656 GigaMultsPerSecond
     128	4096	    524288	    30.605 GigaMultsPerSecond
     128	8192	   1048576	    63.700 GigaMultsPerSecond
     128	16384	   2097152	   125.503 GigaMultsPerSecond
     128	32768	   4194304	   228.897 GigaMultsPerSecond
     128	65536	   8388608	   458.044 GigaMultsPerSecond
     256	   4	      1024	     0.064 GigaMultsPerSecond
     256	   8	      2048	     0.124 GigaMultsPerSecond
     256	  16	      4096	     0.246 GigaMultsPerSecond
     256	  32	      8192	     0.477 GigaMultsPerSecond
     256	  64	     16384	     0.503 GigaMultsPerSecond
     256	 128	     32768	     1.909 GigaMultsPerSecond
     256	 256	     65536	     3.687 GigaMultsPerSecond
     256	 512	    131072	     7.812 GigaMultsPerSecond
     256	1024	    262144	    15.011 GigaMultsPerSecond
     256	2048	    524288	    32.571 GigaMultsPerSecond
     256	4096	   1048576	    61.540 GigaMultsPerSecond
     256	8192	   2097152	   124.203 GigaMultsPerSecond
     256	16384	   4194304	   174.263 GigaMultsPerSecond
     256	32768	   8388608	   472.596 GigaMultsPerSecond
     512	   2	      1024	     0.056 GigaMultsPerSecond
     512	   4	      2048	     0.113 GigaMultsPerSecond
     512	   8	      4096	     0.226 GigaMultsPerSecond
     512	  16	      8192	     0.494 GigaMultsPerSecond
     512	  32	     16384	     0.940 GigaMultsPerSecond
     512	  64	     32768	     1.834 GigaMultsPerSecond
     512	 128	     65536	     3.468 GigaMultsPerSecond
     512	 256	    131072	     7.090 GigaMultsPerSecond
     512	 512	    262144	    16.459 GigaMultsPerSecond
     512	1024	    524288	    30.669 GigaMultsPerSecond
     512	2048	   1048576	    60.872 GigaMultsPerSecond
     512	4096	   2097152	   125.818 GigaMultsPerSecond
     512	8192	   4194304	   233.510 GigaMultsPerSecond
     512	16384	   8388608	   481.276 GigaMultsPerSecond
----------------------------
Part 3
Local Size, Num Work Groups, Array Size, MegaPerformance
      32	  32	      1024	     0.014 GigaMultsPerSecond
      32	  64	      2048	     0.025 GigaMultsPerSecond
      32	 128	      4096	     0.047 GigaMultsPerSecond
      32	 256	      8192	     0.087 GigaMultsPerSecond
      32	 512	     16384	     0.136 GigaMultsPerSecond
      32	1024	     32768	     0.181 GigaMultsPerSecond
      32	2048	     65536	     0.223 GigaMultsPerSecond
      32	4096	    131072	     0.251 GigaMultsPerSecond
      32	8192	    262144	     0.118 GigaMultsPerSecond
      32	16384	    524288	     0.185 GigaMultsPerSecond
      32	32768	   1048576	     0.246 GigaMultsPerSecond
      32	65536	   2097152	     0.225 GigaMultsPerSecond
      32	131072	   4194304	     0.290 GigaMultsPerSecond
      32	262144	   8388608	     0.293 GigaMultsPerSecond
      64	  16	      1024	     0.017 GigaMultsPerSecond
      64	  32	      2048	     0.034 GigaMultsPerSecond
      64	  64	      4096	     0.057 GigaMultsPerSecond
      64	 128	      8192	     0.084 GigaMultsPerSecond
      64	 256	     16384	     0.150 GigaMultsPerSecond
      64	 512	     32768	     0.188 GigaMultsPerSecond
      64	1024	     65536	     0.229 GigaMultsPerSecond
      64	2048	    131072	     0.247 GigaMultsPerSecond
      64	4096	    262144	     0.135 GigaMultsPerSecond
      64	8192	    524288	     0.017 GigaMultsPerSecond
      64	16384	   1048576	     0.174 GigaMultsPerSecond
      64	32768	   2097152	     0.081 GigaMultsPerSecond
      64	65536	   4194304	     0.302 GigaMultsPerSecond
      64	131072	   8388608	     0.176 GigaMultsPerSecond
     128	   8	      1024	     0.014 GigaMultsPerSecond
     128	  16	      2048	     0.034 GigaMultsPerSecond
     128	  32	      4096	     0.056 GigaMultsPerSecond
     128	  64	      8192	     0.093 GigaMultsPerSecond
     128	 128	     16384	     0.159 GigaMultsPerSecond
     128	 256	     32768	     0.223 GigaMultsPerSecond
     128	 512	     65536	     0.234 GigaMultsPerSecond
     128	1024	    131072	     0.280 GigaMultsPerSecond
     128	2048	    262144	     0.005 GigaMultsPerSecond
     128	4096	    524288	     0.012 GigaMultsPerSecond
     128	8192	   1048576	     0.218 GigaMultsPerSecond
     128	16384	   2097152	     0.278 GigaMultsPerSecond
     128	32768	   4194304	     0.305 GigaMultsPerSecond
     128	65536	   8388608	     0.318 GigaMultsPerSecond
     256	   4	      1024	     0.018 GigaMultsPerSecond
     256	   8	      2048	     0.033 GigaMultsPerSecond
     256	  16	      4096	     0.053 GigaMultsPerSecond
     256	  32	      8192	     0.092 GigaMultsPerSecond
     256	  64	     16384	     0.143 GigaMultsPerSecond
     256	 128	     32768	     0.190 GigaMultsPerSecond
     256	 256	     65536	     0.228 GigaMultsPerSecond
     256	 512	    131072	     0.249 GigaMultsPerSecond
     256	1024	    262144	     0.119 GigaMultsPerSecond
     256	2048	    524288	     0.168 GigaMultsPerSecond
     256	4096	   1048576	     0.218 GigaMultsPerSecond
     256	8192	   2097152	     0.277 GigaMultsPerSecond
     256	16384	   4194304	     0.306 GigaMultsPerSecond
     256	32768	   8388608	     0.236 GigaMultsPerSecond
     512	   2	      1024	     0.016 GigaMultsPerSecond
     512	   4	      2048	     0.035 GigaMultsPerSecond
     512	   8	      4096	     0.060 GigaMultsPerSecond
     512	  16	      8192	     0.094 GigaMultsPerSecond
     512	  32	     16384	     0.148 GigaMultsPerSecond
     512	  64	     32768	     0.196 GigaMultsPerSecond
     512	 128	     65536	     0.214 GigaMultsPerSecond
     512	 256	    131072	     0.260 GigaMultsPerSecond
     512	 512	    262144	     0.189 GigaMultsPerSecond
     512	1024	    524288	     0.232 GigaMultsPerSecond
     512	2048	   1048576	     0.032 GigaMultsPerSecond
     512	4096	   2097152	     0.277 GigaMultsPerSecond
     512	8192	   4194304	     0.307 GigaMultsPerSecond
     512	16384	   8388608	     0.302 GigaMultsPerSecond
